<?xml version="1.0" encoding="UTF-8"?>
<testsuite xmlns:xsi="http://www.w3.org/2001/XMLSchema-instance" xsi:noNamespaceSchemaLocation="https://maven.apache.org/surefire/maven-surefire-plugin/xsd/surefire-test-report-3.0.xsd" version="3.0" name="TestSuite" time="5.283" tests="8" errors="0" skipped="0" failures="1">
  <properties>
    <property name="java.specification.version" value="18"/>
    <property name="sun.cpu.isalist" value="amd64"/>
    <property name="sun.jnu.encoding" value="Cp1252"/>
    <property name="java.class.path" value="C:\Users\Tasneem\workspace\testautomationu\trello-api-test-automation\target\test-classes;C:\Users\Tasneem\workspace\testautomationu\trello-api-test-automation\target\classes;C:\Users\Tasneem\.m2\repository\io\rest-assured\rest-assured\5.3.1\rest-assured-5.3.1.jar;C:\Users\Tasneem\.m2\repository\org\apache\groovy\groovy\4.0.11\groovy-4.0.11.jar;C:\Users\Tasneem\.m2\repository\org\apache\groovy\groovy-xml\4.0.11\groovy-xml-4.0.11.jar;C:\Users\Tasneem\.m2\repository\org\apache\httpcomponents\httpclient\4.5.13\httpclient-4.5.13.jar;C:\Users\Tasneem\.m2\repository\org\apache\httpcomponents\httpcore\4.4.13\httpcore-4.4.13.jar;C:\Users\Tasneem\.m2\repository\commons-logging\commons-logging\1.2\commons-logging-1.2.jar;C:\Users\Tasneem\.m2\repository\commons-codec\commons-codec\1.11\commons-codec-1.11.jar;C:\Users\Tasneem\.m2\repository\org\apache\httpcomponents\httpmime\4.5.13\httpmime-4.5.13.jar;C:\Users\Tasneem\.m2\repository\org\hamcrest\hamcrest\2.2\hamcrest-2.2.jar;C:\Users\Tasneem\.m2\repository\org\ccil\cowan\tagsoup\tagsoup\1.2.1\tagsoup-1.2.1.jar;C:\Users\Tasneem\.m2\repository\io\rest-assured\json-path\5.3.1\json-path-5.3.1.jar;C:\Users\Tasneem\.m2\repository\org\apache\groovy\groovy-json\4.0.11\groovy-json-4.0.11.jar;C:\Users\Tasneem\.m2\repository\io\rest-assured\rest-assured-common\5.3.1\rest-assured-common-5.3.1.jar;C:\Users\Tasneem\.m2\repository\io\rest-assured\xml-path\5.3.1\xml-path-5.3.1.jar;C:\Users\Tasneem\.m2\repository\org\apache\commons\commons-lang3\3.11\commons-lang3-3.11.jar;C:\Users\Tasneem\.m2\repository\org\testng\testng\7.8.0\testng-7.8.0.jar;C:\Users\Tasneem\.m2\repository\org\slf4j\slf4j-api\1.7.36\slf4j-api-1.7.36.jar;C:\Users\Tasneem\.m2\repository\com\beust\jcommander\1.82\jcommander-1.82.jar;C:\Users\Tasneem\.m2\repository\org\webjars\jquery\3.6.1\jquery-3.6.1.jar;C:\Users\Tasneem\.m2\repository\com\fasterxml\jackson\core\jackson-databind\2.15.2\jackson-databind-2.15.2.jar;C:\Users\Tasneem\.m2\repository\com\fasterxml\jackson\core\jackson-annotations\2.15.2\jackson-annotations-2.15.2.jar;C:\Users\Tasneem\.m2\repository\com\fasterxml\jackson\core\jackson-core\2.15.2\jackson-core-2.15.2.jar;C:\Users\Tasneem\.m2\repository\io\qameta\allure\allure-testng\2.23.0\allure-testng-2.23.0.jar;C:\Users\Tasneem\.m2\repository\io\qameta\allure\allure-java-commons\2.23.0\allure-java-commons-2.23.0.jar;C:\Users\Tasneem\.m2\repository\io\qameta\allure\allure-model\2.23.0\allure-model-2.23.0.jar;C:\Users\Tasneem\.m2\repository\io\qameta\allure\allure-test-filter\2.23.0\allure-test-filter-2.23.0.jar;"/>
    <property name="java.vm.vendor" value="Oracle Corporation"/>
    <property name="sun.arch.data.model" value="64"/>
    <property name="user.variant" value=""/>
    <property name="java.vendor.url" value="https://java.oracle.com/"/>
    <property name="user.timezone" value="Africa/Cairo"/>
    <property name="os.name" value="Windows 11"/>
    <property name="java.vm.specification.version" value="18"/>
    <property name="sun.java.launcher" value="SUN_STANDARD"/>
    <property name="user.country" value="US"/>
    <property name="sun.boot.library.path" value="C:\Program Files\Java\jdk-18.0.2\bin"/>
    <property name="sun.java.command" value="C:\Users\Tasneem\AppData\Local\Temp\surefire16962318336485771735\surefirebooter-20230731144702387_3.jar C:\Users\Tasneem\AppData\Local\Temp\surefire16962318336485771735 2023-07-31T14-47-02_203-jvmRun1 surefire-20230731144702387_1tmp surefire_0-20230731144702387_2tmp"/>
    <property name="jdk.debug" value="release"/>
    <property name="surefire.test.class.path" value="C:\Users\Tasneem\workspace\testautomationu\trello-api-test-automation\target\test-classes;C:\Users\Tasneem\workspace\testautomationu\trello-api-test-automation\target\classes;C:\Users\Tasneem\.m2\repository\io\rest-assured\rest-assured\5.3.1\rest-assured-5.3.1.jar;C:\Users\Tasneem\.m2\repository\org\apache\groovy\groovy\4.0.11\groovy-4.0.11.jar;C:\Users\Tasneem\.m2\repository\org\apache\groovy\groovy-xml\4.0.11\groovy-xml-4.0.11.jar;C:\Users\Tasneem\.m2\repository\org\apache\httpcomponents\httpclient\4.5.13\httpclient-4.5.13.jar;C:\Users\Tasneem\.m2\repository\org\apache\httpcomponents\httpcore\4.4.13\httpcore-4.4.13.jar;C:\Users\Tasneem\.m2\repository\commons-logging\commons-logging\1.2\commons-logging-1.2.jar;C:\Users\Tasneem\.m2\repository\commons-codec\commons-codec\1.11\commons-codec-1.11.jar;C:\Users\Tasneem\.m2\repository\org\apache\httpcomponents\httpmime\4.5.13\httpmime-4.5.13.jar;C:\Users\Tasneem\.m2\repository\org\hamcrest\hamcrest\2.2\hamcrest-2.2.jar;C:\Users\Tasneem\.m2\repository\org\ccil\cowan\tagsoup\tagsoup\1.2.1\tagsoup-1.2.1.jar;C:\Users\Tasneem\.m2\repository\io\rest-assured\json-path\5.3.1\json-path-5.3.1.jar;C:\Users\Tasneem\.m2\repository\org\apache\groovy\groovy-json\4.0.11\groovy-json-4.0.11.jar;C:\Users\Tasneem\.m2\repository\io\rest-assured\rest-assured-common\5.3.1\rest-assured-common-5.3.1.jar;C:\Users\Tasneem\.m2\repository\io\rest-assured\xml-path\5.3.1\xml-path-5.3.1.jar;C:\Users\Tasneem\.m2\repository\org\apache\commons\commons-lang3\3.11\commons-lang3-3.11.jar;C:\Users\Tasneem\.m2\repository\org\testng\testng\7.8.0\testng-7.8.0.jar;C:\Users\Tasneem\.m2\repository\org\slf4j\slf4j-api\1.7.36\slf4j-api-1.7.36.jar;C:\Users\Tasneem\.m2\repository\com\beust\jcommander\1.82\jcommander-1.82.jar;C:\Users\Tasneem\.m2\repository\org\webjars\jquery\3.6.1\jquery-3.6.1.jar;C:\Users\Tasneem\.m2\repository\com\fasterxml\jackson\core\jackson-databind\2.15.2\jackson-databind-2.15.2.jar;C:\Users\Tasneem\.m2\repository\com\fasterxml\jackson\core\jackson-annotations\2.15.2\jackson-annotations-2.15.2.jar;C:\Users\Tasneem\.m2\repository\com\fasterxml\jackson\core\jackson-core\2.15.2\jackson-core-2.15.2.jar;C:\Users\Tasneem\.m2\repository\io\qameta\allure\allure-testng\2.23.0\allure-testng-2.23.0.jar;C:\Users\Tasneem\.m2\repository\io\qameta\allure\allure-java-commons\2.23.0\allure-java-commons-2.23.0.jar;C:\Users\Tasneem\.m2\repository\io\qameta\allure\allure-model\2.23.0\allure-model-2.23.0.jar;C:\Users\Tasneem\.m2\repository\io\qameta\allure\allure-test-filter\2.23.0\allure-test-filter-2.23.0.jar;"/>
    <property name="sun.cpu.endian" value="little"/>
    <property name="user.home" value="C:\Users\Tasneem"/>
    <property name="user.language" value="en"/>
    <property name="java.specification.vendor" value="Oracle Corporation"/>
    <property name="java.version.date" value="2022-07-19"/>
    <property name="java.home" value="C:\Program Files\Java\jdk-18.0.2"/>
    <property name="file.separator" value="\"/>
    <property name="basedir" value="C:\Users\Tasneem\workspace\testautomationu\trello-api-test-automation"/>
    <property name="java.vm.compressedOopsMode" value="Zero based"/>
    <property name="line.separator" value="&#10;"/>
    <property name="java.vm.specification.vendor" value="Oracle Corporation"/>
    <property name="java.specification.name" value="Java Platform API Specification"/>
    <property name="surefire.real.class.path" value="C:\Users\Tasneem\AppData\Local\Temp\surefire16962318336485771735\surefirebooter-20230731144702387_3.jar"/>
    <property name="user.script" value=""/>
    <property name="sun.management.compiler" value="HotSpot 64-Bit Tiered Compilers"/>
    <property name="java.runtime.version" value="18.0.2+9-61"/>
    <property name="user.name" value="Tasneem"/>
    <property name="path.separator" value=";"/>
    <property name="os.version" value="10.0"/>
    <property name="java.runtime.name" value="Java(TM) SE Runtime Environment"/>
    <property name="file.encoding" value="UTF-8"/>
    <property name="java.vm.name" value="Java HotSpot(TM) 64-Bit Server VM"/>
    <property name="localRepository" value="C:\Users\Tasneem\.m2\repository"/>
    <property name="java.vendor.url.bug" value="https://bugreport.java.com/bugreport/"/>
    <property name="java.io.tmpdir" value="C:\Users\Tasneem\AppData\Local\Temp\"/>
    <property name="java.version" value="18.0.2"/>
    <property name="user.dir" value="C:\Users\Tasneem\workspace\testautomationu\trello-api-test-automation"/>
    <property name="os.arch" value="amd64"/>
    <property name="java.vm.specification.name" value="Java Virtual Machine Specification"/>
    <property name="sun.os.patch.level" value=""/>
    <property name="native.encoding" value="Cp1252"/>
    <property name="java.library.path" value="C:\Program Files\Java\jdk-18.0.2\bin;C:\WINDOWS\Sun\Java\bin;C:\WINDOWS\system32;C:\WINDOWS;C:\Python311\Scripts\;C:\Python311\;C:\Program Files\Common Files\Oracle\Java\javapath;C:\Program Files (x86)\Common Files\Oracle\Java\javapath;C:\windows\system32;C:\windows;C:\windows\System32\Wbem;C:\windows\System32\WindowsPowerShell\v1.0\;C:\windows\System32\OpenSSH\;C:\Program Files (x86)\NVIDIA Corporation\PhysX\Common;C:\Program Files\NVIDIA Corporation\NVIDIA NvDLISR;C:\Program Files\Java\jdk-18.0.2\bin;C:\Program Files\Java\jdk1.8.0_341\bin;C:\WINDOWS\system32;C:\WINDOWS;C:\WINDOWS\System32\Wbem;C:\WINDOWS\System32\WindowsPowerShell\v1.0\;C:\WINDOWS\System32\OpenSSH\;C:\Program Files\Microsoft SQL Server\150\Tools\Binn\;C:\Program Files\Microsoft SQL Server\Client SDK\ODBC\170\Tools\Binn\;C:\Program Files\dotnet\;C:\Program Files\Docker\Docker\resources\bin;C:\Program Files\nodejs\;C:\ProgramData\chocolatey\bin;C:\Program Files\Maven\apache-maven-3.9.3\bin;C:\Program Files\Git\cmd;C:\Users\Tasneem\scoop\shims;C:\Users\Tasneem\AppData\Local\Microsoft\WindowsApps;C:\ProgramData\Tasneem\GitHubDesktop\bin;C:\Users\Tasneem\AppData\Local\GitHubDesktop\bin;C:\Users\Tasneem\.dotnet\tools;C:\Users\Tasneem\AppData\Local\Programs\Microsoft VS Code\bin;C:\Users\Tasneem\AppData\Roaming\npm;C:\Program Files\JetBrains\PyCharm Community Edition 2023.1.3\bin;;."/>
    <property name="java.vm.info" value="mixed mode, sharing"/>
    <property name="java.vendor" value="Oracle Corporation"/>
    <property name="java.vm.version" value="18.0.2+9-61"/>
    <property name="sun.io.unicode.encoding" value="UnicodeLittle"/>
    <property name="java.class.version" value="62.0"/>
  </properties>
  <testcase name="testAuthentication" classname="tests.boards.BoardTests" time="2.315">
    <system-out><![CDATA[{
    "id": "603fd23993e03e7b0526bc56",
    "aaId": "603fd23320122b006884c181",
    "activityBlocked": false,
    "avatarHash": "04c84aef256e2e8ca0595ef5c9c0c1ac",
    "avatarUrl": "https://trello-members.s3.amazonaws.com/603fd23993e03e7b0526bc56/04c84aef256e2e8ca0595ef5c9c0c1ac",
    "bio": "",
    "bioData": null,
    "confirmed": true,
    "fullName": "Tasneem Farag",
    "idEnterprise": null,
    "idEnterprisesDeactivated": [
        
    ],
    "idMemberReferrer": null,
    "idPremOrgsAdmin": [
        
    ],
    "initials": "TF",
    "memberType": "normal",
    "nonPublic": {
        
    },
    "nonPublicAvailable": true,
    "products": [
        
    ],
    "url": "https://trello.com/tasneemfarag1",
    "username": "tasneemfarag1",
    "status": "disconnected",
    "aaBlockSyncUntil": null,
    "aaEmail": null,
    "aaEnrolledDate": null,
    "avatarSource": "none",
    "credentialsRemovedCount": 0,
    "domainClaimed": null,
    "email": "tasneemfarag88@gmail.com",
    "gravatarHash": "cbf7f7b403eb05ef57b75b91c1b548e2",
    "idBoards": [
        
    ],
    "idOrganizations": [
        "5fc86e38f0b7107e7804c471",
        "6481dc006d46a94c2b8db97b"
    ],
    "idEnterprisesAdmin": [
        
    ],
    "limits": {
        "boards": {
            "totalPerMember": {
                "status": "ok",
                "disableAt": 4500,
                "warnAt": 3600
            }
        },
        "orgs": {
            "totalPerMember": {
                "status": "ok",
                "disableAt": 850,
                "warnAt": 680
            }
        }
    },
    "loginTypes": [
        "atlassian"
    ],
    "marketingOptIn": {
        "optedIn": true,
        "date": "2021-03-03T18:15:23.100Z"
    },
    "messagesDismissed": [
        {
            "_id": "603fd29a8010518b34dcd2e3",
            "name": "team-join-cta-banner-5fc86e38f0b7107e7804c471",
            "count": 3,
            "lastDismissed": "2021-03-03T18:16:58.847Z"
        }
    ],
    "oneTimeMessagesDismissed": [
        "close-menu-of-first-board",
        "nusku.views-switcher-upsell-default-open",
        "ack-new-feature-AutomaticReports-1633039200000",
        "ack-new-feature-ThemeSwitcherSpotlight-1688158800000",
        "ack-new-feature-DarkModeSpotlight-1688158800000",
        "team-template-picker-6481dc006d46a94c2b8db97b"
    ],
    "sessionType": null,
    "prefs": {
        "privacy": {
            "fullName": "public",
            "avatar": "public"
        },
        "sendSummaries": true,
        "minutesBetweenSummaries": 60,
        "minutesBeforeDeadlineToNotify": 1440,
        "colorBlind": true,
        "locale": "en-US"
    },
    "trophies": [
        
    ],
    "uploadedAvatarHash": null,
    "uploadedAvatarUrl": null,
    "premiumFeatures": [
        "additionalBoardBackgrounds",
        "additionalStickers",
        "customBoardBackgrounds",
        "customEmoji",
        "customStickers",
        "plugins"
    ],
    "isAaMastered": true,
    "ixUpdate": "811",
    "boards": [
        
    ]
}
]]></system-out>
    <system-err><![CDATA[SLF4J: Failed to load class "org.slf4j.impl.StaticLoggerBinder".
SLF4J: Defaulting to no-operation (NOP) logger implementation
SLF4J: See http://www.slf4j.org/codes.html#StaticLoggerBinder for further details.
]]></system-err>
  </testcase>
  <testcase name="testCreateBoard" classname="tests.boards.BoardTests" time="2.761">
    <system-out><![CDATA[{
    "id": "64c7ad4af5a616a43beb49ca",
    "name": "Chess Board",
    "desc": "",
    "descData": null,
    "closed": false,
    "idOrganization": "6481dc006d46a94c2b8db97b",
    "idEnterprise": null,
    "pinned": false,
    "url": "https://trello.com/b/GzWkZBxO/chess-board",
    "shortUrl": "https://trello.com/b/GzWkZBxO",
    "prefs": {
        "permissionLevel": "private",
        "hideVotes": false,
        "voting": "disabled",
        "comments": "members",
        "invitations": "members",
        "selfJoin": true,
        "cardCovers": true,
        "isTemplate": false,
        "cardAging": "regular",
        "calendarFeedEnabled": false,
        "hiddenPluginBoardButtons": [
            
        ],
        "switcherViews": [
            {
                "viewType": "Board",
                "enabled": true
            },
            {
                "viewType": "Table",
                "enabled": true
            },
            {
                "viewType": "Calendar",
                "enabled": false
            },
            {
                "viewType": "Dashboard",
                "enabled": false
            },
            {
                "viewType": "Timeline",
                "enabled": false
            },
            {
                "viewType": "Map",
                "enabled": false
            }
        ],
        "background": "blue",
        "backgroundColor": "#0079BF",
        "backgroundImage": null,
        "backgroundImageScaled": null,
        "backgroundTile": false,
        "backgroundBrightness": "dark",
        "backgroundBottomColor": "#0079BF",
        "backgroundTopColor": "#0079BF",
        "canBePublic": true,
        "canBeEnterprise": true,
        "canBeOrg": true,
        "canBePrivate": true,
        "canInvite": true
    },
    "labelNames": {
        "green": "",
        "yellow": "",
        "orange": "",
        "red": "",
        "purple": "",
        "blue": "",
        "sky": "",
        "lime": "",
        "pink": "",
        "black": "",
        "green_dark": "",
        "yellow_dark": "",
        "orange_dark": "",
        "red_dark": "",
        "purple_dark": "",
        "blue_dark": "",
        "sky_dark": "",
        "lime_dark": "",
        "pink_dark": "",
        "black_dark": "",
        "green_light": "",
        "yellow_light": "",
        "orange_light": "",
        "red_light": "",
        "purple_light": "",
        "blue_light": "",
        "sky_light": "",
        "lime_light": "",
        "pink_light": "",
        "black_light": ""
    },
    "limits": {
        
    }
}
]]></system-out>
  </testcase>
  <testcase name="testGetBoardsBelongsToMembermThenPrintFirstBoardIdAndLastBoardId" classname="tests.boards.BoardTests" time="2.765">
    <failure message="Index 0 out of bounds for length 0" type="java.lang.IndexOutOfBoundsException"><![CDATA[java.lang.IndexOutOfBoundsException: Index 0 out of bounds for length 0
	at java.base/jdk.internal.util.Preconditions.outOfBounds(Preconditions.java:100)
	at java.base/jdk.internal.util.Preconditions.outOfBoundsCheckIndex(Preconditions.java:106)
	at java.base/jdk.internal.util.Preconditions.checkIndex(Preconditions.java:302)
	at java.base/java.util.Objects.checkIndex(Objects.java:359)
	at java.base/java.util.ArrayList.get(ArrayList.java:427)
	at tests.boards.BoardTests.testGetBoardsBelongsToMembermThenPrintFirstBoardIdAndLastBoardId(BoardTests.java:45)
	at java.base/jdk.internal.reflect.DirectMethodHandleAccessor.invoke(DirectMethodHandleAccessor.java:104)
	at java.base/java.lang.reflect.Method.invoke(Method.java:577)
	at org.testng.internal.invokers.MethodInvocationHelper.invokeMethod(MethodInvocationHelper.java:139)
	at org.testng.internal.invokers.TestInvoker.invokeMethod(TestInvoker.java:664)
	at org.testng.internal.invokers.TestInvoker.invokeTestMethod(TestInvoker.java:227)
	at org.testng.internal.invokers.MethodRunner.runInSequence(MethodRunner.java:50)
	at org.testng.internal.invokers.TestInvoker$MethodInvocationAgent.invoke(TestInvoker.java:957)
	at org.testng.internal.invokers.TestInvoker.invokeTestMethods(TestInvoker.java:200)
	at org.testng.internal.invokers.TestMethodWorker.invokeTestMethods(TestMethodWorker.java:148)
	at org.testng.internal.invokers.TestMethodWorker.run(TestMethodWorker.java:128)
	at java.base/java.util.concurrent.ThreadPoolExecutor.runWorker(ThreadPoolExecutor.java:1136)
	at java.base/java.util.concurrent.ThreadPoolExecutor$Worker.run(ThreadPoolExecutor.java:635)
	at java.base/java.lang.Thread.run(Thread.java:833)
]]></failure>
  </testcase>
  <testcase name="testDeleteBoard" classname="tests.boards.BoardTests" time="4.683"/>
  <testcase name="testGetListsOnBoard" classname="tests.lists_on_board.ListsOnBoardTests" time="3.486"/>
  <testcase name="testCreateListOnBoard" classname="tests.lists_on_board.ListsOnBoardTests" time="3.616">
    <system-out><![CDATA[{
    "id": "64c7ad4c7e9c655d3d6c80d8",
    "name": "Echo",
    "closed": false,
    "idBoard": "64c7ad4a39304328a9787938",
    "pos": 8192,
    "status": null,
    "limits": {
        
    }
}
BoardId : 64c7ad4a39304328a9787938
ListName : Echo
]]></system-out>
  </testcase>
  <testcase name="testArchiveList" classname="tests.lists_on_board.ListsOnBoardTests" time="4.036">
    <system-out><![CDATA[{
    "id": "64c7ad4b7571626db8d12098",
    "name": "Tango",
    "closed": true,
    "idBoard": "64c7ad4af40c3cd7f735585b",
    "pos": 8192,
    "status": null
}
]]></system-out>
  </testcase>
  <testcase name="testUnArchiveList" classname="tests.lists_on_board.ListsOnBoardTests" time="4.097">
    <system-out><![CDATA[{
    "id": "64c7ad4c4259bef49a4fe155",
    "name": "Strawberry",
    "closed": false,
    "idBoard": "64c7ad4a8f61ed82a7542521",
    "pos": 8192,
    "status": null
}
]]></system-out>
  </testcase>
</testsuite>