<?xml version="1.0" encoding="UTF-8"?>
<!-- Generated by org.testng.reporters.JUnitReportReporter -->
<testsuite hostname="LAPTOP-M1Q10SKF" failures="0" tests="4" name="tests.lists_on_board.ListsOnBoardTests" time="15.243" errors="0" timestamp="2023-07-31T14:47:07 EET" skipped="0">
  <testcase classname="tests.lists_on_board.ListsOnBoardTests" name="testArchiveList" time="4.039"/>
  <testcase classname="tests.lists_on_board.ListsOnBoardTests" name="testGetListsOnBoard" time="3.490"/>
  <testcase classname="tests.lists_on_board.ListsOnBoardTests" name="testUnArchiveList" time="4.099"/>
  <testcase classname="tests.lists_on_board.ListsOnBoardTests" name="testCreateListOnBoard" time="3.615"/>
</testsuite> <!-- tests.lists_on_board.ListsOnBoardTests -->
